<?xml version="1.0" encoding="UTF-8"?>
<!-- Generated by org.testng.reporters.JUnitReportReporter -->
<testsuite hostname="DESKTOP-R8R9OO9" failures="0" tests="1" name="testCases.TC_002_loginTest" time="1.693" errors="0" timestamp="2023-12-29T01:17:22 IST" skipped="0">
  <testcase classname="testCases.TC_002_loginTest" name="test_Login" time="1.693"/>
  <system-out/>
</testsuite> <!-- testCases.TC_002_loginTest -->
