<?xml version="1.0" encoding="UTF-8"?>
<!-- Generated by org.testng.reporters.JUnitReportReporter -->
<testsuite hostname="DESKTOP-R8R9OO9" failures="0" tests="1" name="testCases.TC_001_AccountRegistrationTest" time="4.148" errors="0" timestamp="2023-12-29T01:18:14 IST" skipped="0">
  <testcase classname="testCases.TC_001_AccountRegistrationTest" name="test_account_Registration" time="4.148"/>
  <system-out/>
</testsuite> <!-- testCases.TC_001_AccountRegistrationTest -->
